eth1      Scan completed :
          Cell 01 - Address: E4:6F:13:2E:D7:24
                    ESSID:"JTST4272QQ"
                    Mode:Managed
                    Frequency:2.462 GHz (Channel 11)
                    Quality:2/5  Signal level:-71 dBm  Noise level:-92 dBm
                    IE: IEEE 802.11i/WPA2 Version 1
                        Group Cipher : CCMP
                        Pairwise Ciphers (1) : CCMP
                        Authentication Suites (1) : PSK
                    IE: Unknown: DD870050F204104A0001101044000102103B00010310470010C6F1C52BD4D3EDAE3570E46F132ED72710210006442D4C696E6B1023000D442D4C696E6B20526F75746572102400084449522D3836384C1042000830303030303030301054000800060050F2040001101100084449522D3836384C10080002278C103C0001011049000600372A000120
                    IE: WPA Version 1
                        Group Cipher : CCMP
                        Pairwise Ciphers (1) : CCMP
                        Authentication Suites (1) : PSK
                    Encryption key:on
                    Bit Rates:1 Mb/s; 2 Mb/s; 5.5 Mb/s; 11 Mb/s; 18 Mb/s
                              24 Mb/s; 36 Mb/s; 54 Mb/s; 6 Mb/s; 9 Mb/s
                              12 Mb/s; 48 Mb/s
          Cell 02 - Address: 30:8D:99:84:2B:09
                    ESSID:"HP-Print-09-Officejet 4630"
                    Mode:Managed
                    Frequency:2.462 GHz (Channel 11)
                    Quality:4/5  Signal level:-66 dBm  Noise level:-92 dBm
                    Encryption key:off
                    Bit Rates:1 Mb/s; 2 Mb/s; 5.5 Mb/s; 6 Mb/s; 9 Mb/s
                              11 Mb/s; 12 Mb/s; 18 Mb/s; 24 Mb/s; 36 Mb/s
                              48 Mb/s; 54 Mb/s
          Cell 03 - Address: F8:D1:11:4C:2F:F4
                    ESSID:"STYLPROD_g"
                    Mode:Managed
                    Frequency:2.417 GHz (Channel 2)
                    Quality:5/5  Signal level:-43 dBm  Noise level:-92 dBm
                    IE: IEEE 802.11i/WPA2 Version 1
                        Group Cipher : TKIP
                        Pairwise Ciphers (2) : CCMP TKIP
                        Authentication Suites (1) : PSK
                    IE: Unknown: DD850050F204104A0001101044000102103B0001031047001000000000000010000000F8D1114C2FF41021000754502D4C494E4B10230009544C2D57523734304E10240007312E302F322E3010420003312E301054000800060050F204000110110019576972656C65737320526F7574657220544C2D57523734304E100800020086103C000101
                    Encryption key:on
                    Bit Rates:1 Mb/s; 2 Mb/s; 5.5 Mb/s; 11 Mb/s; 6 Mb/s
                              9 Mb/s; 12 Mb/s; 18 Mb/s; 24 Mb/s; 36 Mb/s
                              48 Mb/s; 54 Mb/s
          Cell 04 - Address: 90:61:0C:1E:56:2F
                    ESSID:"STYLPROD_b"
                    Mode:Managed
                    Frequency:2.412 GHz (Channel 1)
                    Quality:5/5  Signal level:-39 dBm  Noise level:-92 dBm
                    IE: IEEE 802.11i/WPA2 Version 1
                        Group Cipher : CCMP
                        Pairwise Ciphers (1) : CCMP
                        Authentication Suites (1) : PSK
                    IE: Unknown: DD900050F204104A0001101044000102103B000103104700106304125310192006122890610C1E562F1021000F576972656C65737320526F757465721023000752544C383637311024000D45562D323030362D30372D32371042000F3132333435363738393031323334371054000800060050F20400011011000750524E333030311008000220081049000600372A000120
                    Encryption key:on
                    Bit Rates:1 Mb/s; 2 Mb/s; 5.5 Mb/s; 11 Mb/s
          Cell 05 - Address: E0:8E:3C:23:B0:E6
                    ESSID:"ILCGLOBAL"
                    Mode:Managed
                    Frequency:2.412 GHz (Channel 1)
                    Quality:4/5  Signal level:-63 dBm  Noise level:-92 dBm
                    IE: IEEE 802.11i/WPA2 Version 1
                        Group Cipher : TKIP
                        Pairwise Ciphers (2) : CCMP TKIP
                        Authentication Suites (1) : PSK
                    IE: WPA Version 1
                        Group Cipher : TKIP
                        Pairwise Ciphers (2) : CCMP TKIP
                        Authentication Suites (1) : PSK
                    Encryption key:on
                    Bit Rates:1 Mb/s; 2 Mb/s; 5.5 Mb/s; 11 Mb/s; 18 Mb/s
                              24 Mb/s; 36 Mb/s; 54 Mb/s; 6 Mb/s; 9 Mb/s
                              12 Mb/s; 48 Mb/s
          Cell 06 - Address: F8:D1:11:4C:6F:EA
                    ESSID:"STYLPROD_n"
                    Mode:Managed
                    Frequency:2.437 GHz (Channel 6)
                    Quality:4/5  Signal level:-58 dBm  Noise level:-92 dBm
                    IE: IEEE 802.11i/WPA2 Version 1
                        Group Cipher : CCMP
                        Pairwise Ciphers (1) : CCMP
                        Authentication Suites (1) : PSK
                    IE: Unknown: DD850050F204104A0001101044000102103B0001031047001000000000000010000000F8D1114C6FEA1021000754502D4C494E4B10230009544C2D57523734304E10240007312E302F322E3010420003312E301054000800060050F204000110110019576972656C65737320526F7574657220544C2D57523734304E100800020086103C000101
                    Encryption key:on
                    Bit Rates:1 Mb/s; 2 Mb/s; 5.5 Mb/s; 11 Mb/s; 6 Mb/s
                              9 Mb/s; 12 Mb/s; 18 Mb/s; 24 Mb/s; 36 Mb/s
                              48 Mb/s; 54 Mb/s
          Cell 07 - Address: 1C:DF:0F:E4:EC:E0
                    ESSID:"ciscosb-1"
                    Mode:Managed
                    Frequency:2.427 GHz (Channel 4)
                    Quality:4/5  Signal level:-58 dBm  Noise level:-92 dBm
                    Encryption key:off
                    Bit Rates:1 Mb/s; 2 Mb/s; 5.5 Mb/s; 11 Mb/s; 18 Mb/s
                              24 Mb/s; 36 Mb/s; 54 Mb/s; 6 Mb/s; 9 Mb/s
                              12 Mb/s; 48 Mb/s
          Cell 08 - Address: 18:8B:45:07:26:60
                    ESSID:"STYLPROD_a"
                    Mode:Managed
                    Frequency:2.462 GHz (Channel 11)
                    Quality:5/5  Signal level:-55 dBm  Noise level:-92 dBm
                    IE: IEEE 802.11i/WPA2 Version 1
                        Group Cipher : CCMP
                        Pairwise Ciphers (1) : CCMP
                        Authentication Suites (1) : PSK
                    Encryption key:on
                    Bit Rates:9 Mb/s; 12 Mb/s; 18 Mb/s; 24 Mb/s; 36 Mb/s
                              48 Mb/s; 54 Mb/s
          Cell 09 - Address: 6C:70:9F:EB:87:C4
                    ESSID:"Frangipanni"
                    Mode:Managed
                    Frequency:2.437 GHz (Channel 6)
                    Quality:2/5  Signal level:-73 dBm  Noise level:-92 dBm
                    IE: IEEE 802.11i/WPA2 Version 1
                        Group Cipher : CCMP
                        Pairwise Ciphers (1) : CCMP
                        Authentication Suites (1) : PSK
                    Encryption key:on
                    Bit Rates:1 Mb/s; 2 Mb/s; 5.5 Mb/s; 11 Mb/s; 18 Mb/s
                              24 Mb/s; 36 Mb/s; 54 Mb/s; 6 Mb/s; 9 Mb/s
                              12 Mb/s; 48 Mb/s
          Cell 10 - Address: E0:8E:3C:17:8F:E8
                    ESSID:"Singtel8800-8FE7"
                    Mode:Managed
                    Frequency:2.437 GHz (Channel 6)
                    Quality:2/5  Signal level:-72 dBm  Noise level:-92 dBm
                    IE: IEEE 802.11i/WPA2 Version 1
                        Group Cipher : TKIP
                        Pairwise Ciphers (2) : CCMP TKIP
                        Authentication Suites (1) : PSK
                    IE: WPA Version 1
                        Group Cipher : TKIP
                        Pairwise Ciphers (2) : CCMP TKIP
                        Authentication Suites (1) : PSK
                    Encryption key:on
                    Bit Rates:1 Mb/s; 2 Mb/s; 5.5 Mb/s; 11 Mb/s; 18 Mb/s
                              24 Mb/s; 36 Mb/s; 54 Mb/s; 6 Mb/s; 9 Mb/s
                              12 Mb/s; 48 Mb/s
          Cell 11 - Address: 00:26:75:DD:86:10
                    ESSID:"Singtel8800-860F"
                    Mode:Managed
                    Frequency:2.452 GHz (Channel 9)
                    Quality:4/5  Signal level:-65 dBm  Noise level:-92 dBm
                    IE: IEEE 802.11i/WPA2 Version 1
                        Group Cipher : TKIP
                        Pairwise Ciphers (2) : CCMP TKIP
                        Authentication Suites (1) : PSK
                    IE: WPA Version 1
                        Group Cipher : TKIP
                        Pairwise Ciphers (2) : CCMP TKIP
                        Authentication Suites (1) : PSK
                    Encryption key:on
                    Bit Rates:1 Mb/s; 2 Mb/s; 5.5 Mb/s; 11 Mb/s; 18 Mb/s
                              24 Mb/s; 36 Mb/s; 54 Mb/s; 6 Mb/s; 9 Mb/s
                              12 Mb/s; 48 Mb/s
          Cell 12 - Address: E0:8E:3C:23:A2:DE
                    ESSID:"Singtel8900-A2DD"
                    Mode:Managed
                    Frequency:2.447 GHz (Channel 8)
                    Quality:2/5  Signal level:-76 dBm  Noise level:-92 dBm
                    IE: IEEE 802.11i/WPA2 Version 1
                        Group Cipher : TKIP
                        Pairwise Ciphers (2) : CCMP TKIP
                        Authentication Suites (1) : PSK
                    IE: WPA Version 1
                        Group Cipher : TKIP
                        Pairwise Ciphers (2) : CCMP TKIP
                        Authentication Suites (1) : PSK
                    Encryption key:on
                    Bit Rates:1 Mb/s; 2 Mb/s; 5.5 Mb/s; 11 Mb/s; 18 Mb/s
                              24 Mb/s; 36 Mb/s; 54 Mb/s; 6 Mb/s; 9 Mb/s
                              12 Mb/s; 48 Mb/s
          Cell 13 - Address: E0:8E:3C:07:E5:2C
                    ESSID:"A-Xet"
                    Mode:Managed
                    Frequency:2.452 GHz (Channel 9)
                    Quality:2/5  Signal level:-73 dBm  Noise level:-92 dBm
                    IE: IEEE 802.11i/WPA2 Version 1
                        Group Cipher : TKIP
                        Pairwise Ciphers (2) : CCMP TKIP
                        Authentication Suites (1) : PSK
                    IE: WPA Version 1
                        Group Cipher : TKIP
                        Pairwise Ciphers (2) : CCMP TKIP
                        Authentication Suites (1) : PSK
                    Encryption key:on
                    Bit Rates:1 Mb/s; 2 Mb/s; 5.5 Mb/s; 11 Mb/s; 18 Mb/s
                              24 Mb/s; 36 Mb/s; 54 Mb/s; 6 Mb/s; 9 Mb/s
                              12 Mb/s; 48 Mb/s
          Cell 14 - Address: E0:8E:3C:26:B6:39
                    ESSID:"DIAMOND HEIGHTS"
                    Mode:Managed
                    Frequency:2.462 GHz (Channel 11)
                    Quality:5/5  Signal level:-51 dBm  Noise level:-92 dBm
                    IE: IEEE 802.11i/WPA2 Version 1
                        Group Cipher : TKIP
                        Pairwise Ciphers (2) : CCMP TKIP
                        Authentication Suites (1) : PSK
                    IE: WPA Version 1
                        Group Cipher : TKIP
                        Pairwise Ciphers (2) : CCMP TKIP
                        Authentication Suites (1) : PSK
                    Encryption key:on
                    Bit Rates:1 Mb/s; 2 Mb/s; 5.5 Mb/s; 11 Mb/s; 18 Mb/s
                              24 Mb/s; 36 Mb/s; 54 Mb/s; 6 Mb/s; 9 Mb/s
                              12 Mb/s; 48 Mb/s
          Cell 15 - Address: 18:8B:45:07:26:6F
                    ESSID:"STYLPROD_a"
                    Mode:Managed
                    Frequency:5.19 GHz
                    Quality:1/5  Signal level:-82 dBm  Noise level:-92 dBm
                    IE: IEEE 802.11i/WPA2 Version 1
                        Group Cipher : CCMP
                        Pairwise Ciphers (1) : CCMP
                        Authentication Suites (1) : PSK
                    Encryption key:on
                    Bit Rates:6 Mb/s; 9 Mb/s; 12 Mb/s; 18 Mb/s; 24 Mb/s
                              36 Mb/s; 48 Mb/s; 54 Mb/s

